Start testing: Apr 26 19:04 Фінляндія (літо)
----------------------------------------------------------
1/3 Testing: FallingFactorialTest.BasicCases
1/3 Test: FallingFactorialTest.BasicCases
Command: "C:/Users/User/git/lab1/build/tests.exe" "--gtest_filter=FallingFactorialTest.BasicCases" "--gtest_also_run_disabled_tests"
Directory: C:/Users/User/git/lab1/build
"FallingFactorialTest.BasicCases" start time: Apr 26 19:04 Фінляндія (літо)
Output:
----------------------------------------------------------
Running main() from C:\Users\User\git\lab1\build\_deps\googletest-src\googletest\src\gtest_main.cc
Note: Google Test filter = FallingFactorialTest.BasicCases
[==========] Running 1 test from 1 test suite.
[----------] Global test environment set-up.
[----------] 1 test from FallingFactorialTest
[ RUN      ] FallingFactorialTest.BasicCases
[       OK ] FallingFactorialTest.BasicCases (0 ms)
[----------] 1 test from FallingFactorialTest (0 ms total)

[----------] Global test environment tear-down
[==========] 1 test from 1 test suite ran. (0 ms total)
[  PASSED  ] 1 test.
<end of output>
Test time =   0.03 sec
----------------------------------------------------------
Test Passed.
"FallingFactorialTest.BasicCases" end time: Apr 26 19:04 Фінляндія (літо)
"FallingFactorialTest.BasicCases" time elapsed: 00:00:00
----------------------------------------------------------

2/3 Testing: FallingFactorialTest.EdgeCases
2/3 Test: FallingFactorialTest.EdgeCases
Command: "C:/Users/User/git/lab1/build/tests.exe" "--gtest_filter=FallingFactorialTest.EdgeCases" "--gtest_also_run_disabled_tests"
Directory: C:/Users/User/git/lab1/build
"FallingFactorialTest.EdgeCases" start time: Apr 26 19:04 Фінляндія (літо)
Output:
----------------------------------------------------------
Running main() from C:\Users\User\git\lab1\build\_deps\googletest-src\googletest\src\gtest_main.cc
Note: Google Test filter = FallingFactorialTest.EdgeCases
[==========] Running 1 test from 1 test suite.
[----------] Global test environment set-up.
[----------] 1 test from FallingFactorialTest
[ RUN      ] FallingFactorialTest.EdgeCases
[       OK ] FallingFactorialTest.EdgeCases (0 ms)
[----------] 1 test from FallingFactorialTest (0 ms total)

[----------] Global test environment tear-down
[==========] 1 test from 1 test suite ran. (0 ms total)
[  PASSED  ] 1 test.
<end of output>
Test time =   0.02 sec
----------------------------------------------------------
Test Passed.
"FallingFactorialTest.EdgeCases" end time: Apr 26 19:04 Фінляндія (літо)
"FallingFactorialTest.EdgeCases" time elapsed: 00:00:00
----------------------------------------------------------

3/3 Testing: FallingFactorialTest.NegativeCases
3/3 Test: FallingFactorialTest.NegativeCases
Command: "C:/Users/User/git/lab1/build/tests.exe" "--gtest_filter=FallingFactorialTest.NegativeCases" "--gtest_also_run_disabled_tests"
Directory: C:/Users/User/git/lab1/build
"FallingFactorialTest.NegativeCases" start time: Apr 26 19:04 Фінляндія (літо)
Output:
----------------------------------------------------------
Running main() from C:\Users\User\git\lab1\build\_deps\googletest-src\googletest\src\gtest_main.cc
Note: Google Test filter = FallingFactorialTest.NegativeCases
[==========] Running 1 test from 1 test suite.
[----------] Global test environment set-up.
[----------] 1 test from FallingFactorialTest
[ RUN      ] FallingFactorialTest.NegativeCases
[       OK ] FallingFactorialTest.NegativeCases (0 ms)
[----------] 1 test from FallingFactorialTest (0 ms total)

[----------] Global test environment tear-down
[==========] 1 test from 1 test suite ran. (0 ms total)
[  PASSED  ] 1 test.
<end of output>
Test time =   0.02 sec
----------------------------------------------------------
Test Passed.
"FallingFactorialTest.NegativeCases" end time: Apr 26 19:04 Фінляндія (літо)
"FallingFactorialTest.NegativeCases" time elapsed: 00:00:00
----------------------------------------------------------

End testing: Apr 26 19:04 Фінляндія (літо)
